{"C:\\Users\\ACER\\Documents\\Web_Api_assignment\\task1-web-api-manjesh41\\app.js": {"path":"C:\\Users\\ACER\\Documents\\Web_Api_assignment\\task1-web-api-manjesh41\\app.js","statementMap":{"0":{"start":{"line":1,"column":0},"end":{"line":1,"column":27}},"1":{"start":{"line":2,"column":16},"end":{"line":2,"column":34}},"2":{"start":{"line":3,"column":17},"end":{"line":3,"column":36}},"3":{"start":{"line":4,"column":23},"end":{"line":4,"column":57}},"4":{"start":{"line":5,"column":20},"end":{"line":5,"column":51}},"5":{"start":{"line":6,"column":22},"end":{"line":6,"column":55}},"6":{"start":{"line":7,"column":13},"end":{"line":7,"column":28}},"7":{"start":{"line":9,"column":23},"end":{"line":9,"column":52}},"8":{"start":{"line":11,"column":13},"end":{"line":11,"column":29}},"9":{"start":{"line":14,"column":2},"end":{"line":16,"column":24}},"10":{"start":{"line":18,"column":0},"end":{"line":23,"column":36}},"11":{"start":{"line":21,"column":4},"end":{"line":21,"column":71}},"12":{"start":{"line":23,"column":18},"end":{"line":23,"column":34}},"13":{"start":{"line":25,"column":12},"end":{"line":25,"column":21}},"14":{"start":{"line":27,"column":0},"end":{"line":27,"column":24}},"15":{"start":{"line":28,"column":0},"end":{"line":28,"column":16}},"16":{"start":{"line":30,"column":0},"end":{"line":32,"column":3}},"17":{"start":{"line":31,"column":2},"end":{"line":31,"column":25}},"18":{"start":{"line":34,"column":0},"end":{"line":34,"column":31}},"19":{"start":{"line":36,"column":0},"end":{"line":36,"column":48}},"20":{"start":{"line":38,"column":0},"end":{"line":38,"column":47}},"21":{"start":{"line":41,"column":0},"end":{"line":46,"column":3}},"22":{"start":{"line":42,"column":2},"end":{"line":42,"column":21}},"23":{"start":{"line":43,"column":2},"end":{"line":44,"column":53}},"24":{"start":{"line":43,"column":38},"end":{"line":43,"column":54}},"25":{"start":{"line":44,"column":7},"end":{"line":44,"column":53}},"26":{"start":{"line":44,"column":37},"end":{"line":44,"column":53}},"27":{"start":{"line":45,"column":2},"end":{"line":45,"column":35}},"28":{"start":{"line":49,"column":0},"end":{"line":51,"column":3}},"29":{"start":{"line":50,"column":2},"end":{"line":50,"column":52}},"30":{"start":{"line":53,"column":0},"end":{"line":53,"column":21}}},"fnMap":{"0":{"name":"(anonymous_0)","decl":{"start":{"line":20,"column":8},"end":{"line":20,"column":9}},"loc":{"start":{"line":20,"column":14},"end":{"line":22,"column":3}},"line":20},"1":{"name":"(anonymous_1)","decl":{"start":{"line":23,"column":9},"end":{"line":23,"column":10}},"loc":{"start":{"line":23,"column":18},"end":{"line":23,"column":34}},"line":23},"2":{"name":"(anonymous_2)","decl":{"start":{"line":30,"column":13},"end":{"line":30,"column":14}},"loc":{"start":{"line":30,"column":27},"end":{"line":32,"column":1}},"line":30},"3":{"name":"(anonymous_3)","decl":{"start":{"line":41,"column":8},"end":{"line":41,"column":9}},"loc":{"start":{"line":41,"column":33},"end":{"line":46,"column":1}},"line":41},"4":{"name":"(anonymous_4)","decl":{"start":{"line":49,"column":8},"end":{"line":49,"column":9}},"loc":{"start":{"line":49,"column":22},"end":{"line":51,"column":1}},"line":49}},"branchMap":{"0":{"loc":{"start":{"line":14,"column":2},"end":{"line":16,"column":24}},"type":"cond-expr","locations":[{"start":{"line":15,"column":6},"end":{"line":15,"column":29}},{"start":{"line":16,"column":6},"end":{"line":16,"column":24}}],"line":14},"1":{"loc":{"start":{"line":43,"column":2},"end":{"line":44,"column":53}},"type":"if","locations":[{"start":{"line":43,"column":2},"end":{"line":44,"column":53}},{"start":{"line":44,"column":7},"end":{"line":44,"column":53}}],"line":43},"2":{"loc":{"start":{"line":44,"column":7},"end":{"line":44,"column":53}},"type":"if","locations":[{"start":{"line":44,"column":7},"end":{"line":44,"column":53}},{"start":{},"end":{}}],"line":44}},"s":{"0":3,"1":3,"2":3,"3":3,"4":3,"5":3,"6":3,"7":3,"8":3,"9":3,"10":3,"11":3,"12":0,"13":3,"14":3,"15":3,"16":3,"17":0,"18":3,"19":3,"20":3,"21":3,"22":1,"23":1,"24":1,"25":0,"26":0,"27":1,"28":3,"29":0,"30":3},"f":{"0":3,"1":0,"2":0,"3":1,"4":0},"b":{"0":[3,0],"1":[1,0],"2":[0,0]},"_coverageSchema":"1a1c01bbd47fc00a2c39e90264f33305004495a9","hash":"4b28470d71df86ec666501cabb05eb8ada8cd3c3"}
,"C:\\Users\\ACER\\Documents\\Web_Api_assignment\\task1-web-api-manjesh41\\controllers\\booking-controller.js": {"path":"C:\\Users\\ACER\\Documents\\Web_Api_assignment\\task1-web-api-manjesh41\\controllers\\booking-controller.js","statementMap":{"0":{"start":{"line":1,"column":16},"end":{"line":1,"column":44}},"1":{"start":{"line":3,"column":22},"end":{"line":9,"column":1}},"2":{"start":{"line":4,"column":2},"end":{"line":8,"column":17}},"3":{"start":{"line":6,"column":6},"end":{"line":6,"column":35}},"4":{"start":{"line":11,"column":23},"end":{"line":16,"column":1}},"5":{"start":{"line":12,"column":15},"end":{"line":12,"column":23}},"6":{"start":{"line":13,"column":2},"end":{"line":13,"column":23}},"7":{"start":{"line":14,"column":19},"end":{"line":14,"column":56}},"8":{"start":{"line":15,"column":2},"end":{"line":15,"column":37}},"9":{"start":{"line":19,"column":22},"end":{"line":47,"column":1}},"10":{"start":{"line":20,"column":17},"end":{"line":20,"column":28}},"11":{"start":{"line":21,"column":22},"end":{"line":24,"column":3}},"12":{"start":{"line":26,"column":2},"end":{"line":26,"column":36}},"13":{"start":{"line":27,"column":2},"end":{"line":27,"column":34}},"14":{"start":{"line":28,"column":2},"end":{"line":28,"column":32}},"15":{"start":{"line":30,"column":2},"end":{"line":46,"column":17}},"16":{"start":{"line":36,"column":6},"end":{"line":44,"column":7}},"17":{"start":{"line":37,"column":8},"end":{"line":41,"column":11}},"18":{"start":{"line":38,"column":10},"end":{"line":40,"column":13}},"19":{"start":{"line":43,"column":8},"end":{"line":43,"column":69}},"20":{"start":{"line":50,"column":26},"end":{"line":74,"column":1}},"21":{"start":{"line":51,"column":20},"end":{"line":51,"column":33}},"22":{"start":{"line":53,"column":4},"end":{"line":53,"column":12}},"23":{"start":{"line":54,"column":2},"end":{"line":73,"column":17}},"24":{"start":{"line":68,"column":6},"end":{"line":70,"column":7}},"25":{"start":{"line":69,"column":8},"end":{"line":69,"column":68}},"26":{"start":{"line":71,"column":6},"end":{"line":71,"column":24}},"27":{"start":{"line":77,"column":26},"end":{"line":87,"column":1}},"28":{"start":{"line":78,"column":20},"end":{"line":78,"column":33}},"29":{"start":{"line":79,"column":2},"end":{"line":86,"column":17}},"30":{"start":{"line":81,"column":6},"end":{"line":83,"column":7}},"31":{"start":{"line":82,"column":8},"end":{"line":82,"column":68}},"32":{"start":{"line":84,"column":6},"end":{"line":84,"column":60}},"33":{"start":{"line":89,"column":22},"end":{"line":104,"column":1}},"34":{"start":{"line":90,"column":20},"end":{"line":90,"column":33}},"35":{"start":{"line":92,"column":2},"end":{"line":103,"column":17}},"36":{"start":{"line":94,"column":6},"end":{"line":96,"column":7}},"37":{"start":{"line":95,"column":8},"end":{"line":95,"column":68}},"38":{"start":{"line":101,"column":6},"end":{"line":101,"column":24}},"39":{"start":{"line":106,"column":23},"end":{"line":121,"column":1}},"40":{"start":{"line":107,"column":20},"end":{"line":107,"column":33}},"41":{"start":{"line":109,"column":2},"end":{"line":120,"column":17}},"42":{"start":{"line":111,"column":6},"end":{"line":113,"column":7}},"43":{"start":{"line":112,"column":8},"end":{"line":112,"column":68}},"44":{"start":{"line":118,"column":6},"end":{"line":118,"column":24}},"45":{"start":{"line":124,"column":30},"end":{"line":134,"column":1}},"46":{"start":{"line":125,"column":20},"end":{"line":125,"column":33}},"47":{"start":{"line":126,"column":2},"end":{"line":133,"column":17}},"48":{"start":{"line":128,"column":6},"end":{"line":130,"column":7}},"49":{"start":{"line":129,"column":8},"end":{"line":129,"column":68}},"50":{"start":{"line":131,"column":6},"end":{"line":131,"column":24}},"51":{"start":{"line":136,"column":0},"end":{"line":145,"column":2}}},"fnMap":{"0":{"name":"(anonymous_0)","decl":{"start":{"line":3,"column":22},"end":{"line":3,"column":23}},"loc":{"start":{"line":3,"column":42},"end":{"line":9,"column":1}},"line":3},"1":{"name":"(anonymous_1)","decl":{"start":{"line":5,"column":10},"end":{"line":5,"column":11}},"loc":{"start":{"line":5,"column":24},"end":{"line":7,"column":5}},"line":5},"2":{"name":"(anonymous_2)","decl":{"start":{"line":11,"column":23},"end":{"line":11,"column":24}},"loc":{"start":{"line":11,"column":43},"end":{"line":16,"column":1}},"line":11},"3":{"name":"(anonymous_3)","decl":{"start":{"line":19,"column":22},"end":{"line":19,"column":23}},"loc":{"start":{"line":19,"column":42},"end":{"line":47,"column":1}},"line":19},"4":{"name":"(anonymous_4)","decl":{"start":{"line":35,"column":10},"end":{"line":35,"column":11}},"loc":{"start":{"line":35,"column":22},"end":{"line":45,"column":5}},"line":35},"5":{"name":"(anonymous_5)","decl":{"start":{"line":37,"column":41},"end":{"line":37,"column":42}},"loc":{"start":{"line":37,"column":58},"end":{"line":41,"column":9}},"line":37},"6":{"name":"(anonymous_6)","decl":{"start":{"line":50,"column":26},"end":{"line":50,"column":27}},"loc":{"start":{"line":50,"column":46},"end":{"line":74,"column":1}},"line":50},"7":{"name":"(anonymous_7)","decl":{"start":{"line":67,"column":10},"end":{"line":67,"column":11}},"loc":{"start":{"line":67,"column":23},"end":{"line":72,"column":5}},"line":67},"8":{"name":"(anonymous_8)","decl":{"start":{"line":77,"column":26},"end":{"line":77,"column":27}},"loc":{"start":{"line":77,"column":46},"end":{"line":87,"column":1}},"line":77},"9":{"name":"(anonymous_9)","decl":{"start":{"line":80,"column":10},"end":{"line":80,"column":11}},"loc":{"start":{"line":80,"column":23},"end":{"line":85,"column":5}},"line":80},"10":{"name":"(anonymous_10)","decl":{"start":{"line":89,"column":22},"end":{"line":89,"column":23}},"loc":{"start":{"line":89,"column":42},"end":{"line":104,"column":1}},"line":89},"11":{"name":"(anonymous_11)","decl":{"start":{"line":93,"column":10},"end":{"line":93,"column":11}},"loc":{"start":{"line":93,"column":23},"end":{"line":102,"column":5}},"line":93},"12":{"name":"(anonymous_12)","decl":{"start":{"line":106,"column":23},"end":{"line":106,"column":24}},"loc":{"start":{"line":106,"column":43},"end":{"line":121,"column":1}},"line":106},"13":{"name":"(anonymous_13)","decl":{"start":{"line":110,"column":10},"end":{"line":110,"column":11}},"loc":{"start":{"line":110,"column":23},"end":{"line":119,"column":5}},"line":110},"14":{"name":"(anonymous_14)","decl":{"start":{"line":124,"column":30},"end":{"line":124,"column":31}},"loc":{"start":{"line":124,"column":50},"end":{"line":134,"column":1}},"line":124},"15":{"name":"(anonymous_15)","decl":{"start":{"line":127,"column":10},"end":{"line":127,"column":11}},"loc":{"start":{"line":127,"column":23},"end":{"line":132,"column":5}},"line":127}},"branchMap":{"0":{"loc":{"start":{"line":36,"column":6},"end":{"line":44,"column":7}},"type":"if","locations":[{"start":{"line":36,"column":6},"end":{"line":44,"column":7}},{"start":{"line":42,"column":13},"end":{"line":44,"column":7}}],"line":36},"1":{"loc":{"start":{"line":68,"column":6},"end":{"line":70,"column":7}},"type":"if","locations":[{"start":{"line":68,"column":6},"end":{"line":70,"column":7}},{"start":{},"end":{}}],"line":68},"2":{"loc":{"start":{"line":81,"column":6},"end":{"line":83,"column":7}},"type":"if","locations":[{"start":{"line":81,"column":6},"end":{"line":83,"column":7}},{"start":{},"end":{}}],"line":81},"3":{"loc":{"start":{"line":94,"column":6},"end":{"line":96,"column":7}},"type":"if","locations":[{"start":{"line":94,"column":6},"end":{"line":96,"column":7}},{"start":{},"end":{}}],"line":94},"4":{"loc":{"start":{"line":111,"column":6},"end":{"line":113,"column":7}},"type":"if","locations":[{"start":{"line":111,"column":6},"end":{"line":113,"column":7}},{"start":{},"end":{}}],"line":111},"5":{"loc":{"start":{"line":128,"column":6},"end":{"line":130,"column":7}},"type":"if","locations":[{"start":{"line":128,"column":6},"end":{"line":130,"column":7}},{"start":{},"end":{}}],"line":128}},"s":{"0":3,"1":3,"2":1,"3":1,"4":3,"5":0,"6":0,"7":0,"8":0,"9":3,"10":1,"11":1,"12":1,"13":1,"14":1,"15":1,"16":1,"17":1,"18":1,"19":0,"20":3,"21":1,"22":1,"23":1,"24":1,"25":0,"26":1,"27":3,"28":1,"29":1,"30":1,"31":0,"32":1,"33":3,"34":1,"35":1,"36":1,"37":0,"38":1,"39":3,"40":1,"41":1,"42":1,"43":0,"44":1,"45":3,"46":1,"47":1,"48":1,"49":0,"50":1,"51":3},"f":{"0":1,"1":1,"2":0,"3":1,"4":1,"5":1,"6":1,"7":1,"8":1,"9":1,"10":1,"11":1,"12":1,"13":1,"14":1,"15":1},"b":{"0":[1,0],"1":[0,1],"2":[0,1],"3":[0,1],"4":[0,1],"5":[0,1]},"_coverageSchema":"1a1c01bbd47fc00a2c39e90264f33305004495a9","hash":"326a144ccdc5493faabbe66ab663f9a86b4629eb"}
,"C:\\Users\\ACER\\Documents\\Web_Api_assignment\\task1-web-api-manjesh41\\controllers\\review-controller.js": {"path":"C:\\Users\\ACER\\Documents\\Web_Api_assignment\\task1-web-api-manjesh41\\controllers\\review-controller.js","statementMap":{"0":{"start":{"line":1,"column":15},"end":{"line":1,"column":42}},"1":{"start":{"line":3,"column":22},"end":{"line":11,"column":1}},"2":{"start":{"line":4,"column":2},"end":{"line":10,"column":17}},"3":{"start":{"line":8,"column":6},"end":{"line":8,"column":34}},"4":{"start":{"line":13,"column":21},"end":{"line":25,"column":1}},"5":{"start":{"line":14,"column":2},"end":{"line":24,"column":3}},"6":{"start":{"line":15,"column":19},"end":{"line":15,"column":30}},"7":{"start":{"line":16,"column":23},"end":{"line":19,"column":5}},"8":{"start":{"line":20,"column":19},"end":{"line":20,"column":50}},"9":{"start":{"line":21,"column":4},"end":{"line":21,"column":33}},"10":{"start":{"line":23,"column":4},"end":{"line":23,"column":16}},"11":{"start":{"line":27,"column":25},"end":{"line":33,"column":1}},"12":{"start":{"line":28,"column":2},"end":{"line":32,"column":17}},"13":{"start":{"line":30,"column":6},"end":{"line":30,"column":23}},"14":{"start":{"line":35,"column":22},"end":{"line":45,"column":1}},"15":{"start":{"line":36,"column":19},"end":{"line":36,"column":32}},"16":{"start":{"line":37,"column":2},"end":{"line":44,"column":17}},"17":{"start":{"line":39,"column":6},"end":{"line":41,"column":7}},"18":{"start":{"line":40,"column":8},"end":{"line":40,"column":67}},"19":{"start":{"line":42,"column":6},"end":{"line":42,"column":23}},"20":{"start":{"line":47,"column":25},"end":{"line":65,"column":1}},"21":{"start":{"line":48,"column":19},"end":{"line":48,"column":32}},"22":{"start":{"line":49,"column":25},"end":{"line":49,"column":33}},"23":{"start":{"line":50,"column":2},"end":{"line":64,"column":17}},"24":{"start":{"line":59,"column":6},"end":{"line":61,"column":7}},"25":{"start":{"line":60,"column":8},"end":{"line":60,"column":67}},"26":{"start":{"line":62,"column":6},"end":{"line":62,"column":23}},"27":{"start":{"line":67,"column":25},"end":{"line":77,"column":1}},"28":{"start":{"line":68,"column":19},"end":{"line":68,"column":32}},"29":{"start":{"line":69,"column":2},"end":{"line":76,"column":17}},"30":{"start":{"line":71,"column":6},"end":{"line":73,"column":7}},"31":{"start":{"line":72,"column":8},"end":{"line":72,"column":67}},"32":{"start":{"line":74,"column":6},"end":{"line":74,"column":23}},"33":{"start":{"line":79,"column":0},"end":{"line":86,"column":2}}},"fnMap":{"0":{"name":"(anonymous_0)","decl":{"start":{"line":3,"column":22},"end":{"line":3,"column":23}},"loc":{"start":{"line":3,"column":42},"end":{"line":11,"column":1}},"line":3},"1":{"name":"(anonymous_1)","decl":{"start":{"line":7,"column":10},"end":{"line":7,"column":11}},"loc":{"start":{"line":7,"column":23},"end":{"line":9,"column":5}},"line":7},"2":{"name":"(anonymous_2)","decl":{"start":{"line":13,"column":21},"end":{"line":13,"column":22}},"loc":{"start":{"line":13,"column":47},"end":{"line":25,"column":1}},"line":13},"3":{"name":"(anonymous_3)","decl":{"start":{"line":27,"column":25},"end":{"line":27,"column":26}},"loc":{"start":{"line":27,"column":45},"end":{"line":33,"column":1}},"line":27},"4":{"name":"(anonymous_4)","decl":{"start":{"line":29,"column":10},"end":{"line":29,"column":11}},"loc":{"start":{"line":29,"column":22},"end":{"line":31,"column":5}},"line":29},"5":{"name":"(anonymous_5)","decl":{"start":{"line":35,"column":22},"end":{"line":35,"column":23}},"loc":{"start":{"line":35,"column":42},"end":{"line":45,"column":1}},"line":35},"6":{"name":"(anonymous_6)","decl":{"start":{"line":38,"column":10},"end":{"line":38,"column":11}},"loc":{"start":{"line":38,"column":22},"end":{"line":43,"column":5}},"line":38},"7":{"name":"(anonymous_7)","decl":{"start":{"line":47,"column":25},"end":{"line":47,"column":26}},"loc":{"start":{"line":47,"column":45},"end":{"line":65,"column":1}},"line":47},"8":{"name":"(anonymous_8)","decl":{"start":{"line":58,"column":10},"end":{"line":58,"column":11}},"loc":{"start":{"line":58,"column":22},"end":{"line":63,"column":5}},"line":58},"9":{"name":"(anonymous_9)","decl":{"start":{"line":67,"column":25},"end":{"line":67,"column":26}},"loc":{"start":{"line":67,"column":45},"end":{"line":77,"column":1}},"line":67},"10":{"name":"(anonymous_10)","decl":{"start":{"line":70,"column":10},"end":{"line":70,"column":11}},"loc":{"start":{"line":70,"column":22},"end":{"line":75,"column":5}},"line":70}},"branchMap":{"0":{"loc":{"start":{"line":39,"column":6},"end":{"line":41,"column":7}},"type":"if","locations":[{"start":{"line":39,"column":6},"end":{"line":41,"column":7}},{"start":{},"end":{}}],"line":39},"1":{"loc":{"start":{"line":59,"column":6},"end":{"line":61,"column":7}},"type":"if","locations":[{"start":{"line":59,"column":6},"end":{"line":61,"column":7}},{"start":{},"end":{}}],"line":59},"2":{"loc":{"start":{"line":71,"column":6},"end":{"line":73,"column":7}},"type":"if","locations":[{"start":{"line":71,"column":6},"end":{"line":73,"column":7}},{"start":{},"end":{}}],"line":71}},"s":{"0":3,"1":3,"2":1,"3":1,"4":3,"5":1,"6":1,"7":1,"8":1,"9":1,"10":0,"11":3,"12":0,"13":0,"14":3,"15":1,"16":1,"17":1,"18":0,"19":1,"20":3,"21":1,"22":1,"23":1,"24":1,"25":0,"26":1,"27":3,"28":1,"29":1,"30":1,"31":0,"32":1,"33":3},"f":{"0":1,"1":1,"2":1,"3":0,"4":0,"5":1,"6":1,"7":1,"8":1,"9":1,"10":1},"b":{"0":[0,1],"1":[0,1],"2":[0,1]},"_coverageSchema":"1a1c01bbd47fc00a2c39e90264f33305004495a9","hash":"35dea03016cb6445cd7f4a1459392f2963fb6d1a"}
,"C:\\Users\\ACER\\Documents\\Web_Api_assignment\\task1-web-api-manjesh41\\controllers\\user-controller.js": {"path":"C:\\Users\\ACER\\Documents\\Web_Api_assignment\\task1-web-api-manjesh41\\controllers\\user-controller.js","statementMap":{"0":{"start":{"line":1,"column":15},"end":{"line":1,"column":34}},"1":{"start":{"line":2,"column":12},"end":{"line":2,"column":35}},"2":{"start":{"line":3,"column":13},"end":{"line":3,"column":38}},"3":{"start":{"line":5,"column":23},"end":{"line":50,"column":1}},"4":{"start":{"line":6,"column":60},"end":{"line":6,"column":68}},"5":{"start":{"line":7,"column":17},"end":{"line":7,"column":28}},"6":{"start":{"line":9,"column":2},"end":{"line":49,"column":3}},"7":{"start":{"line":11,"column":17},"end":{"line":11,"column":44}},"8":{"start":{"line":12,"column":4},"end":{"line":14,"column":5}},"9":{"start":{"line":13,"column":6},"end":{"line":13,"column":63}},"10":{"start":{"line":17,"column":26},"end":{"line":17,"column":78}},"11":{"start":{"line":18,"column":4},"end":{"line":20,"column":5}},"12":{"start":{"line":19,"column":6},"end":{"line":19,"column":75}},"13":{"start":{"line":23,"column":4},"end":{"line":27,"column":5}},"14":{"start":{"line":24,"column":6},"end":{"line":26,"column":75}},"15":{"start":{"line":30,"column":4},"end":{"line":34,"column":5}},"16":{"start":{"line":31,"column":6},"end":{"line":33,"column":9}},"17":{"start":{"line":37,"column":30},"end":{"line":37,"column":64}},"18":{"start":{"line":40,"column":4},"end":{"line":40,"column":38}},"19":{"start":{"line":43,"column":4},"end":{"line":43,"column":22}},"20":{"start":{"line":45,"column":4},"end":{"line":45,"column":71}},"21":{"start":{"line":52,"column":26},"end":{"line":87,"column":1}},"22":{"start":{"line":53,"column":17},"end":{"line":53,"column":28}},"23":{"start":{"line":54,"column":54},"end":{"line":54,"column":62}},"24":{"start":{"line":56,"column":2},"end":{"line":86,"column":3}},"25":{"start":{"line":57,"column":17},"end":{"line":57,"column":44}},"26":{"start":{"line":58,"column":4},"end":{"line":60,"column":5}},"27":{"start":{"line":59,"column":6},"end":{"line":59,"column":63}},"28":{"start":{"line":63,"column":4},"end":{"line":65,"column":5}},"29":{"start":{"line":64,"column":6},"end":{"line":64,"column":31}},"30":{"start":{"line":66,"column":4},"end":{"line":68,"column":5}},"31":{"start":{"line":67,"column":6},"end":{"line":67,"column":31}},"32":{"start":{"line":69,"column":4},"end":{"line":71,"column":5}},"33":{"start":{"line":70,"column":6},"end":{"line":70,"column":25}},"34":{"start":{"line":72,"column":4},"end":{"line":74,"column":5}},"35":{"start":{"line":73,"column":6},"end":{"line":73,"column":25}},"36":{"start":{"line":75,"column":4},"end":{"line":77,"column":5}},"37":{"start":{"line":76,"column":6},"end":{"line":76,"column":25}},"38":{"start":{"line":80,"column":24},"end":{"line":80,"column":41}},"39":{"start":{"line":82,"column":4},"end":{"line":82,"column":26}},"40":{"start":{"line":89,"column":23},"end":{"line":105,"column":1}},"41":{"start":{"line":90,"column":2},"end":{"line":104,"column":3}},"42":{"start":{"line":91,"column":19},"end":{"line":91,"column":30}},"43":{"start":{"line":93,"column":17},"end":{"line":93,"column":44}},"44":{"start":{"line":94,"column":4},"end":{"line":96,"column":5}},"45":{"start":{"line":95,"column":6},"end":{"line":95,"column":63}},"46":{"start":{"line":98,"column":4},"end":{"line":100,"column":7}},"47":{"start":{"line":107,"column":29},"end":{"line":132,"column":1}},"48":{"start":{"line":108,"column":2},"end":{"line":131,"column":3}},"49":{"start":{"line":109,"column":23},"end":{"line":109,"column":33}},"50":{"start":{"line":111,"column":17},"end":{"line":111,"column":53}},"51":{"start":{"line":113,"column":4},"end":{"line":119,"column":7}},"52":{"start":{"line":124,"column":4},"end":{"line":130,"column":7}},"53":{"start":{"line":135,"column":30},"end":{"line":149,"column":1}},"54":{"start":{"line":136,"column":2},"end":{"line":148,"column":3}},"55":{"start":{"line":137,"column":23},"end":{"line":137,"column":33}},"56":{"start":{"line":139,"column":17},"end":{"line":139,"column":44}},"57":{"start":{"line":140,"column":4},"end":{"line":143,"column":5}},"58":{"start":{"line":145,"column":4},"end":{"line":145,"column":29}},"59":{"start":{"line":147,"column":4},"end":{"line":147,"column":16}},"60":{"start":{"line":151,"column":0},"end":{"line":157,"column":2}}},"fnMap":{"0":{"name":"(anonymous_0)","decl":{"start":{"line":5,"column":23},"end":{"line":5,"column":24}},"loc":{"start":{"line":5,"column":49},"end":{"line":50,"column":1}},"line":5},"1":{"name":"(anonymous_1)","decl":{"start":{"line":52,"column":26},"end":{"line":52,"column":27}},"loc":{"start":{"line":52,"column":52},"end":{"line":87,"column":1}},"line":52},"2":{"name":"(anonymous_2)","decl":{"start":{"line":89,"column":23},"end":{"line":89,"column":24}},"loc":{"start":{"line":89,"column":49},"end":{"line":105,"column":1}},"line":89},"3":{"name":"(anonymous_3)","decl":{"start":{"line":107,"column":29},"end":{"line":107,"column":30}},"loc":{"start":{"line":107,"column":49},"end":{"line":132,"column":1}},"line":107},"4":{"name":"(anonymous_4)","decl":{"start":{"line":135,"column":30},"end":{"line":135,"column":31}},"loc":{"start":{"line":135,"column":56},"end":{"line":149,"column":1}},"line":135}},"branchMap":{"0":{"loc":{"start":{"line":12,"column":4},"end":{"line":14,"column":5}},"type":"if","locations":[{"start":{"line":12,"column":4},"end":{"line":14,"column":5}},{"start":{},"end":{}}],"line":12},"1":{"loc":{"start":{"line":18,"column":4},"end":{"line":20,"column":5}},"type":"if","locations":[{"start":{"line":18,"column":4},"end":{"line":20,"column":5}},{"start":{},"end":{}}],"line":18},"2":{"loc":{"start":{"line":23,"column":4},"end":{"line":27,"column":5}},"type":"if","locations":[{"start":{"line":23,"column":4},"end":{"line":27,"column":5}},{"start":{},"end":{}}],"line":23},"3":{"loc":{"start":{"line":30,"column":4},"end":{"line":34,"column":5}},"type":"if","locations":[{"start":{"line":30,"column":4},"end":{"line":34,"column":5}},{"start":{},"end":{}}],"line":30},"4":{"loc":{"start":{"line":58,"column":4},"end":{"line":60,"column":5}},"type":"if","locations":[{"start":{"line":58,"column":4},"end":{"line":60,"column":5}},{"start":{},"end":{}}],"line":58},"5":{"loc":{"start":{"line":63,"column":4},"end":{"line":65,"column":5}},"type":"if","locations":[{"start":{"line":63,"column":4},"end":{"line":65,"column":5}},{"start":{},"end":{}}],"line":63},"6":{"loc":{"start":{"line":63,"column":8},"end":{"line":63,"column":65}},"type":"binary-expr","locations":[{"start":{"line":63,"column":8},"end":{"line":63,"column":16}},{"start":{"line":63,"column":20},"end":{"line":63,"column":35}},{"start":{"line":63,"column":39},"end":{"line":63,"column":65}}],"line":63},"7":{"loc":{"start":{"line":66,"column":4},"end":{"line":68,"column":5}},"type":"if","locations":[{"start":{"line":66,"column":4},"end":{"line":68,"column":5}},{"start":{},"end":{}}],"line":66},"8":{"loc":{"start":{"line":66,"column":8},"end":{"line":66,"column":65}},"type":"binary-expr","locations":[{"start":{"line":66,"column":8},"end":{"line":66,"column":16}},{"start":{"line":66,"column":20},"end":{"line":66,"column":35}},{"start":{"line":66,"column":39},"end":{"line":66,"column":65}}],"line":66},"9":{"loc":{"start":{"line":69,"column":4},"end":{"line":71,"column":5}},"type":"if","locations":[{"start":{"line":69,"column":4},"end":{"line":71,"column":5}},{"start":{},"end":{}}],"line":69},"10":{"loc":{"start":{"line":69,"column":8},"end":{"line":69,"column":53}},"type":"binary-expr","locations":[{"start":{"line":69,"column":8},"end":{"line":69,"column":13}},{"start":{"line":69,"column":17},"end":{"line":69,"column":29}},{"start":{"line":69,"column":33},"end":{"line":69,"column":53}}],"line":69},"11":{"loc":{"start":{"line":72,"column":4},"end":{"line":74,"column":5}},"type":"if","locations":[{"start":{"line":72,"column":4},"end":{"line":74,"column":5}},{"start":{},"end":{}}],"line":72},"12":{"loc":{"start":{"line":72,"column":8},"end":{"line":72,"column":53}},"type":"binary-expr","locations":[{"start":{"line":72,"column":8},"end":{"line":72,"column":13}},{"start":{"line":72,"column":17},"end":{"line":72,"column":29}},{"start":{"line":72,"column":33},"end":{"line":72,"column":53}}],"line":72},"13":{"loc":{"start":{"line":75,"column":4},"end":{"line":77,"column":5}},"type":"if","locations":[{"start":{"line":75,"column":4},"end":{"line":77,"column":5}},{"start":{},"end":{}}],"line":75},"14":{"loc":{"start":{"line":75,"column":8},"end":{"line":75,"column":53}},"type":"binary-expr","locations":[{"start":{"line":75,"column":8},"end":{"line":75,"column":13}},{"start":{"line":75,"column":17},"end":{"line":75,"column":29}},{"start":{"line":75,"column":33},"end":{"line":75,"column":53}}],"line":75},"15":{"loc":{"start":{"line":94,"column":4},"end":{"line":96,"column":5}},"type":"if","locations":[{"start":{"line":94,"column":4},"end":{"line":96,"column":5}},{"start":{},"end":{}}],"line":94},"16":{"loc":{"start":{"line":140,"column":4},"end":{"line":143,"column":5}},"type":"if","locations":[{"start":{"line":140,"column":4},"end":{"line":143,"column":5}},{"start":{},"end":{}}],"line":140}},"s":{"0":3,"1":3,"2":3,"3":3,"4":4,"5":4,"6":4,"7":4,"8":4,"9":0,"10":4,"11":4,"12":1,"13":3,"14":1,"15":2,"16":1,"17":1,"18":1,"19":1,"20":1,"21":3,"22":1,"23":1,"24":1,"25":1,"26":1,"27":0,"28":1,"29":0,"30":1,"31":0,"32":1,"33":0,"34":1,"35":0,"36":1,"37":0,"38":1,"39":1,"40":3,"41":1,"42":1,"43":1,"44":1,"45":0,"46":1,"47":3,"48":1,"49":1,"50":1,"51":1,"52":0,"53":3,"54":1,"55":1,"56":1,"57":1,"58":1,"59":0,"60":3},"f":{"0":4,"1":1,"2":1,"3":1,"4":1},"b":{"0":[0,4],"1":[1,3],"2":[1,2],"3":[1,1],"4":[0,1],"5":[0,1],"6":[1,1,1],"7":[0,1],"8":[1,1,1],"9":[0,1],"10":[1,1,1],"11":[0,1],"12":[1,1,1],"13":[0,1],"14":[1,1,1],"15":[0,1],"16":[0,1]},"_coverageSchema":"1a1c01bbd47fc00a2c39e90264f33305004495a9","hash":"9721f6b76aa7c8c261559197885fdd5cfa22d0b5"}
,"C:\\Users\\ACER\\Documents\\Web_Api_assignment\\task1-web-api-manjesh41\\middlewares\\auth.js": {"path":"C:\\Users\\ACER\\Documents\\Web_Api_assignment\\task1-web-api-manjesh41\\middlewares\\auth.js","statementMap":{"0":{"start":{"line":1,"column":12},"end":{"line":1,"column":35}},"1":{"start":{"line":3,"column":19},"end":{"line":14,"column":1}},"2":{"start":{"line":4,"column":16},"end":{"line":4,"column":41}},"3":{"start":{"line":5,"column":4},"end":{"line":5,"column":80}},"4":{"start":{"line":5,"column":16},"end":{"line":5,"column":80}},"5":{"start":{"line":6,"column":4},"end":{"line":6,"column":31}},"6":{"start":{"line":8,"column":4},"end":{"line":12,"column":6}},"7":{"start":{"line":9,"column":8},"end":{"line":9,"column":68}},"8":{"start":{"line":9,"column":17},"end":{"line":9,"column":68}},"9":{"start":{"line":10,"column":8},"end":{"line":10,"column":26}},"10":{"start":{"line":11,"column":8},"end":{"line":11,"column":29}},"11":{"start":{"line":13,"column":4},"end":{"line":13,"column":10}},"12":{"start":{"line":16,"column":20},"end":{"line":22,"column":1}},"13":{"start":{"line":17,"column":4},"end":{"line":21,"column":5}},"14":{"start":{"line":18,"column":8},"end":{"line":18,"column":68}},"15":{"start":{"line":19,"column":11},"end":{"line":21,"column":5}},"16":{"start":{"line":20,"column":8},"end":{"line":20,"column":14}},"17":{"start":{"line":24,"column":0},"end":{"line":24,"column":44}}},"fnMap":{"0":{"name":"(anonymous_0)","decl":{"start":{"line":3,"column":19},"end":{"line":3,"column":20}},"loc":{"start":{"line":3,"column":39},"end":{"line":14,"column":1}},"line":3},"1":{"name":"(anonymous_1)","decl":{"start":{"line":8,"column":42},"end":{"line":8,"column":43}},"loc":{"start":{"line":8,"column":60},"end":{"line":12,"column":5}},"line":8},"2":{"name":"(anonymous_2)","decl":{"start":{"line":16,"column":20},"end":{"line":16,"column":21}},"loc":{"start":{"line":16,"column":40},"end":{"line":22,"column":1}},"line":16}},"branchMap":{"0":{"loc":{"start":{"line":5,"column":4},"end":{"line":5,"column":80}},"type":"if","locations":[{"start":{"line":5,"column":4},"end":{"line":5,"column":80}},{"start":{},"end":{}}],"line":5},"1":{"loc":{"start":{"line":9,"column":8},"end":{"line":9,"column":68}},"type":"if","locations":[{"start":{"line":9,"column":8},"end":{"line":9,"column":68}},{"start":{},"end":{}}],"line":9},"2":{"loc":{"start":{"line":17,"column":4},"end":{"line":21,"column":5}},"type":"if","locations":[{"start":{"line":17,"column":4},"end":{"line":21,"column":5}},{"start":{"line":19,"column":11},"end":{"line":21,"column":5}}],"line":17},"3":{"loc":{"start":{"line":19,"column":11},"end":{"line":21,"column":5}},"type":"if","locations":[{"start":{"line":19,"column":11},"end":{"line":21,"column":5}},{"start":{},"end":{}}],"line":19}},"s":{"0":3,"1":3,"2":18,"3":18,"4":0,"5":18,"6":18,"7":18,"8":0,"9":18,"10":18,"11":18,"12":3,"13":2,"14":0,"15":2,"16":2,"17":3},"f":{"0":18,"1":18,"2":2},"b":{"0":[0,18],"1":[0,18],"2":[0,2],"3":[2,0]},"_coverageSchema":"1a1c01bbd47fc00a2c39e90264f33305004495a9","hash":"161c2cc217565e779860d0dcbd29dc2a59df1385"}
,"C:\\Users\\ACER\\Documents\\Web_Api_assignment\\task1-web-api-manjesh41\\models\\Booking.js": {"path":"C:\\Users\\ACER\\Documents\\Web_Api_assignment\\task1-web-api-manjesh41\\models\\Booking.js","statementMap":{"0":{"start":{"line":1,"column":17},"end":{"line":1,"column":36}},"1":{"start":{"line":3,"column":22},"end":{"line":37,"column":2}},"2":{"start":{"line":39,"column":0},"end":{"line":45,"column":3}},"3":{"start":{"line":41,"column":4},"end":{"line":41,"column":50}},"4":{"start":{"line":42,"column":4},"end":{"line":42,"column":32}},"5":{"start":{"line":43,"column":4},"end":{"line":43,"column":32}},"6":{"start":{"line":47,"column":0},"end":{"line":47,"column":58}}},"fnMap":{"0":{"name":"(anonymous_0)","decl":{"start":{"line":40,"column":13},"end":{"line":40,"column":14}},"loc":{"start":{"line":40,"column":45},"end":{"line":44,"column":3}},"line":40}},"branchMap":{},"s":{"0":3,"1":3,"2":3,"3":5,"4":5,"5":5,"6":3},"f":{"0":5},"b":{},"_coverageSchema":"1a1c01bbd47fc00a2c39e90264f33305004495a9","hash":"22b4bd066aeca937f2cae70077f40e2ce6004bd5"}
,"C:\\Users\\ACER\\Documents\\Web_Api_assignment\\task1-web-api-manjesh41\\models\\Review.js": {"path":"C:\\Users\\ACER\\Documents\\Web_Api_assignment\\task1-web-api-manjesh41\\models\\Review.js","statementMap":{"0":{"start":{"line":1,"column":17},"end":{"line":1,"column":36}},"1":{"start":{"line":3,"column":21},"end":{"line":14,"column":2}},"2":{"start":{"line":16,"column":0},"end":{"line":21,"column":3}},"3":{"start":{"line":18,"column":4},"end":{"line":18,"column":50}},"4":{"start":{"line":19,"column":4},"end":{"line":19,"column":32}},"5":{"start":{"line":23,"column":0},"end":{"line":23,"column":56}}},"fnMap":{"0":{"name":"(anonymous_0)","decl":{"start":{"line":17,"column":13},"end":{"line":17,"column":14}},"loc":{"start":{"line":17,"column":45},"end":{"line":20,"column":3}},"line":17}},"branchMap":{},"s":{"0":3,"1":3,"2":3,"3":5,"4":5,"5":3},"f":{"0":5},"b":{},"_coverageSchema":"1a1c01bbd47fc00a2c39e90264f33305004495a9","hash":"480376c7955e56e2b8f6571259e96175a18e3509"}
,"C:\\Users\\ACER\\Documents\\Web_Api_assignment\\task1-web-api-manjesh41\\models\\User.js": {"path":"C:\\Users\\ACER\\Documents\\Web_Api_assignment\\task1-web-api-manjesh41\\models\\User.js","statementMap":{"0":{"start":{"line":1,"column":17},"end":{"line":1,"column":36}},"1":{"start":{"line":3,"column":19},"end":{"line":34,"column":2}},"2":{"start":{"line":36,"column":0},"end":{"line":36,"column":52}}},"fnMap":{},"branchMap":{},"s":{"0":3,"1":3,"2":3},"f":{},"b":{},"_coverageSchema":"1a1c01bbd47fc00a2c39e90264f33305004495a9","hash":"d7f9d152a45783c17a726c26d9608e884bece6d7"}
,"C:\\Users\\ACER\\Documents\\Web_Api_assignment\\task1-web-api-manjesh41\\routes\\booking-routes.js": {"path":"C:\\Users\\ACER\\Documents\\Web_Api_assignment\\task1-web-api-manjesh41\\routes\\booking-routes.js","statementMap":{"0":{"start":{"line":1,"column":16},"end":{"line":1,"column":34}},"1":{"start":{"line":2,"column":15},"end":{"line":2,"column":31}},"2":{"start":{"line":3,"column":26},"end":{"line":3,"column":70}},"3":{"start":{"line":4,"column":36},"end":{"line":4,"column":66}},"4":{"start":{"line":7,"column":0},"end":{"line":7,"column":63}},"5":{"start":{"line":10,"column":0},"end":{"line":10,"column":59}},"6":{"start":{"line":13,"column":0},"end":{"line":13,"column":73}},"7":{"start":{"line":15,"column":0},"end":{"line":15,"column":56}},"8":{"start":{"line":18,"column":0},"end":{"line":18,"column":72}},"9":{"start":{"line":21,"column":0},"end":{"line":21,"column":74}},"10":{"start":{"line":24,"column":0},"end":{"line":24,"column":59}},"11":{"start":{"line":27,"column":0},"end":{"line":27,"column":60}},"12":{"start":{"line":29,"column":0},"end":{"line":29,"column":24}}},"fnMap":{},"branchMap":{},"s":{"0":3,"1":3,"2":3,"3":3,"4":3,"5":3,"6":3,"7":3,"8":3,"9":3,"10":3,"11":3,"12":3},"f":{},"b":{},"_coverageSchema":"1a1c01bbd47fc00a2c39e90264f33305004495a9","hash":"a9a59a68598945414547bc27cb65f9c11e5816c2"}
,"C:\\Users\\ACER\\Documents\\Web_Api_assignment\\task1-web-api-manjesh41\\routes\\review-routes.js": {"path":"C:\\Users\\ACER\\Documents\\Web_Api_assignment\\task1-web-api-manjesh41\\routes\\review-routes.js","statementMap":{"0":{"start":{"line":1,"column":16},"end":{"line":1,"column":34}},"1":{"start":{"line":2,"column":15},"end":{"line":2,"column":31}},"2":{"start":{"line":3,"column":26},"end":{"line":3,"column":69}},"3":{"start":{"line":5,"column":0},"end":{"line":5,"column":49}},"4":{"start":{"line":6,"column":0},"end":{"line":6,"column":61}},"5":{"start":{"line":7,"column":0},"end":{"line":7,"column":52}},"6":{"start":{"line":9,"column":0},"end":{"line":9,"column":55}},"7":{"start":{"line":10,"column":0},"end":{"line":10,"column":58}},"8":{"start":{"line":12,"column":0},"end":{"line":12,"column":24}}},"fnMap":{},"branchMap":{},"s":{"0":3,"1":3,"2":3,"3":3,"4":3,"5":3,"6":3,"7":3,"8":3},"f":{},"b":{},"_coverageSchema":"1a1c01bbd47fc00a2c39e90264f33305004495a9","hash":"8cee2014d3575df633d43b33c6ac07c0f9aa0ccc"}
,"C:\\Users\\ACER\\Documents\\Web_Api_assignment\\task1-web-api-manjesh41\\routes\\user-routes.js": {"path":"C:\\Users\\ACER\\Documents\\Web_Api_assignment\\task1-web-api-manjesh41\\routes\\user-routes.js","statementMap":{"0":{"start":{"line":1,"column":16},"end":{"line":1,"column":34}},"1":{"start":{"line":2,"column":15},"end":{"line":2,"column":34}},"2":{"start":{"line":3,"column":12},"end":{"line":3,"column":35}},"3":{"start":{"line":4,"column":15},"end":{"line":4,"column":31}},"4":{"start":{"line":5,"column":13},"end":{"line":5,"column":38}},"5":{"start":{"line":6,"column":36},"end":{"line":6,"column":66}},"6":{"start":{"line":7,"column":23},"end":{"line":7,"column":64}},"7":{"start":{"line":19,"column":0},"end":{"line":46,"column":3}},"8":{"start":{"line":20,"column":70},"end":{"line":20,"column":78}},"9":{"start":{"line":22,"column":2},"end":{"line":45,"column":17}},"10":{"start":{"line":24,"column":6},"end":{"line":24,"column":77}},"11":{"start":{"line":24,"column":16},"end":{"line":24,"column":77}},"12":{"start":{"line":25,"column":6},"end":{"line":43,"column":9}},"13":{"start":{"line":26,"column":8},"end":{"line":26,"column":69}},"14":{"start":{"line":26,"column":17},"end":{"line":26,"column":69}},"15":{"start":{"line":27,"column":8},"end":{"line":42,"column":23}},"16":{"start":{"line":37,"column":12},"end":{"line":40,"column":15}},"17":{"start":{"line":51,"column":0},"end":{"line":78,"column":3}},"18":{"start":{"line":52,"column":2},"end":{"line":77,"column":17}},"19":{"start":{"line":54,"column":6},"end":{"line":55,"column":73}},"20":{"start":{"line":55,"column":8},"end":{"line":55,"column":73}},"21":{"start":{"line":56,"column":6},"end":{"line":75,"column":9}},"22":{"start":{"line":57,"column":8},"end":{"line":57,"column":69}},"23":{"start":{"line":57,"column":17},"end":{"line":57,"column":69}},"24":{"start":{"line":58,"column":8},"end":{"line":59,"column":76}},"25":{"start":{"line":59,"column":10},"end":{"line":59,"column":76}},"26":{"start":{"line":60,"column":24},"end":{"line":65,"column":9}},"27":{"start":{"line":66,"column":8},"end":{"line":74,"column":10}},"28":{"start":{"line":71,"column":12},"end":{"line":71,"column":73}},"29":{"start":{"line":71,"column":21},"end":{"line":71,"column":73}},"30":{"start":{"line":72,"column":12},"end":{"line":72,"column":58}},"31":{"start":{"line":80,"column":0},"end":{"line":80,"column":74}},"32":{"start":{"line":83,"column":0},"end":{"line":83,"column":74}},"33":{"start":{"line":85,"column":0},"end":{"line":85,"column":66}},"34":{"start":{"line":162,"column":0},"end":{"line":169,"column":3}},"35":{"start":{"line":163,"column":2},"end":{"line":168,"column":17}},"36":{"start":{"line":165,"column":6},"end":{"line":165,"column":25}},"37":{"start":{"line":166,"column":6},"end":{"line":166,"column":32}},"38":{"start":{"line":171,"column":0},"end":{"line":175,"column":2}},"39":{"start":{"line":178,"column":0},"end":{"line":182,"column":2}},"40":{"start":{"line":199,"column":0},"end":{"line":199,"column":24}}},"fnMap":{"0":{"name":"(anonymous_0)","decl":{"start":{"line":19,"column":25},"end":{"line":19,"column":26}},"loc":{"start":{"line":19,"column":45},"end":{"line":46,"column":1}},"line":19},"1":{"name":"(anonymous_1)","decl":{"start":{"line":23,"column":10},"end":{"line":23,"column":11}},"loc":{"start":{"line":23,"column":20},"end":{"line":44,"column":5}},"line":23},"2":{"name":"(anonymous_2)","decl":{"start":{"line":25,"column":32},"end":{"line":25,"column":33}},"loc":{"start":{"line":25,"column":47},"end":{"line":43,"column":7}},"line":25},"3":{"name":"(anonymous_3)","decl":{"start":{"line":36,"column":16},"end":{"line":36,"column":17}},"loc":{"start":{"line":36,"column":26},"end":{"line":41,"column":11}},"line":36},"4":{"name":"(anonymous_4)","decl":{"start":{"line":51,"column":22},"end":{"line":51,"column":23}},"loc":{"start":{"line":51,"column":42},"end":{"line":78,"column":1}},"line":51},"5":{"name":"(anonymous_5)","decl":{"start":{"line":53,"column":10},"end":{"line":53,"column":11}},"loc":{"start":{"line":53,"column":20},"end":{"line":76,"column":5}},"line":53},"6":{"name":"(anonymous_6)","decl":{"start":{"line":56,"column":55},"end":{"line":56,"column":56}},"loc":{"start":{"line":56,"column":73},"end":{"line":75,"column":7}},"line":56},"7":{"name":"(anonymous_7)","decl":{"start":{"line":70,"column":10},"end":{"line":70,"column":11}},"loc":{"start":{"line":70,"column":26},"end":{"line":73,"column":11}},"line":70},"8":{"name":"(anonymous_8)","decl":{"start":{"line":162,"column":24},"end":{"line":162,"column":25}},"loc":{"start":{"line":162,"column":44},"end":{"line":169,"column":1}},"line":162},"9":{"name":"(anonymous_9)","decl":{"start":{"line":164,"column":10},"end":{"line":164,"column":11}},"loc":{"start":{"line":164,"column":21},"end":{"line":167,"column":5}},"line":164}},"branchMap":{"0":{"loc":{"start":{"line":24,"column":6},"end":{"line":24,"column":77}},"type":"if","locations":[{"start":{"line":24,"column":6},"end":{"line":24,"column":77}},{"start":{},"end":{}}],"line":24},"1":{"loc":{"start":{"line":26,"column":8},"end":{"line":26,"column":69}},"type":"if","locations":[{"start":{"line":26,"column":8},"end":{"line":26,"column":69}},{"start":{},"end":{}}],"line":26},"2":{"loc":{"start":{"line":54,"column":6},"end":{"line":55,"column":73}},"type":"if","locations":[{"start":{"line":54,"column":6},"end":{"line":55,"column":73}},{"start":{},"end":{}}],"line":54},"3":{"loc":{"start":{"line":57,"column":8},"end":{"line":57,"column":69}},"type":"if","locations":[{"start":{"line":57,"column":8},"end":{"line":57,"column":69}},{"start":{},"end":{}}],"line":57},"4":{"loc":{"start":{"line":58,"column":8},"end":{"line":59,"column":76}},"type":"if","locations":[{"start":{"line":58,"column":8},"end":{"line":59,"column":76}},{"start":{},"end":{}}],"line":58},"5":{"loc":{"start":{"line":71,"column":12},"end":{"line":71,"column":73}},"type":"if","locations":[{"start":{"line":71,"column":12},"end":{"line":71,"column":73}},{"start":{},"end":{}}],"line":71}},"s":{"0":3,"1":3,"2":3,"3":3,"4":3,"5":3,"6":3,"7":3,"8":6,"9":6,"10":6,"11":1,"12":5,"13":5,"14":0,"15":5,"16":4,"17":3,"18":6,"19":6,"20":1,"21":5,"22":5,"23":0,"24":5,"25":0,"26":5,"27":5,"28":5,"29":0,"30":5,"31":3,"32":3,"33":3,"34":3,"35":0,"36":0,"37":0,"38":3,"39":3,"40":3},"f":{"0":6,"1":6,"2":5,"3":4,"4":6,"5":6,"6":5,"7":5,"8":0,"9":0},"b":{"0":[1,5],"1":[0,5],"2":[1,5],"3":[0,5],"4":[0,5],"5":[0,5]},"_coverageSchema":"1a1c01bbd47fc00a2c39e90264f33305004495a9","hash":"806eb874821cded3c48fb77533a93ea37682394c"}
}
