TN:
SF:app.js
FN:20,(anonymous_0)
FN:23,(anonymous_1)
FN:30,(anonymous_2)
FN:41,(anonymous_3)
FN:49,(anonymous_4)
FNF:5
FNH:2
FNDA:3,(anonymous_0)
FNDA:0,(anonymous_1)
FNDA:0,(anonymous_2)
FNDA:1,(anonymous_3)
FNDA:0,(anonymous_4)
DA:1,3
DA:2,3
DA:3,3
DA:4,3
DA:5,3
DA:6,3
DA:7,3
DA:9,3
DA:11,3
DA:14,3
DA:18,3
DA:21,3
DA:23,0
DA:25,3
DA:27,3
DA:28,3
DA:30,3
DA:31,0
DA:34,3
DA:36,3
DA:38,3
DA:41,3
DA:42,1
DA:43,1
DA:44,0
DA:45,1
DA:49,3
DA:50,0
DA:53,3
LF:29
LH:25
BRDA:14,0,0,3
BRDA:14,0,1,0
BRDA:43,1,0,1
BRDA:43,1,1,0
BRDA:44,2,0,0
BRDA:44,2,1,0
BRF:6
BRH:2
end_of_record
TN:
SF:controllers\booking-controller.js
FN:3,(anonymous_0)
FN:5,(anonymous_1)
FN:11,(anonymous_2)
FN:19,(anonymous_3)
FN:35,(anonymous_4)
FN:37,(anonymous_5)
FN:50,(anonymous_6)
FN:67,(anonymous_7)
FN:77,(anonymous_8)
FN:80,(anonymous_9)
FN:89,(anonymous_10)
FN:93,(anonymous_11)
FN:106,(anonymous_12)
FN:110,(anonymous_13)
FN:124,(anonymous_14)
FN:127,(anonymous_15)
FNF:16
FNH:15
FNDA:1,(anonymous_0)
FNDA:1,(anonymous_1)
FNDA:0,(anonymous_2)
FNDA:1,(anonymous_3)
FNDA:1,(anonymous_4)
FNDA:1,(anonymous_5)
FNDA:1,(anonymous_6)
FNDA:1,(anonymous_7)
FNDA:1,(anonymous_8)
FNDA:1,(anonymous_9)
FNDA:1,(anonymous_10)
FNDA:1,(anonymous_11)
FNDA:1,(anonymous_12)
FNDA:1,(anonymous_13)
FNDA:1,(anonymous_14)
FNDA:1,(anonymous_15)
DA:1,3
DA:3,3
DA:4,1
DA:6,1
DA:11,3
DA:12,0
DA:13,0
DA:14,0
DA:15,0
DA:19,3
DA:20,1
DA:21,1
DA:26,1
DA:27,1
DA:28,1
DA:30,1
DA:36,1
DA:37,1
DA:38,1
DA:43,0
DA:50,3
DA:51,1
DA:53,1
DA:54,1
DA:68,1
DA:69,0
DA:71,1
DA:77,3
DA:78,1
DA:79,1
DA:81,1
DA:82,0
DA:84,1
DA:89,3
DA:90,1
DA:92,1
DA:94,1
DA:95,0
DA:101,1
DA:106,3
DA:107,1
DA:109,1
DA:111,1
DA:112,0
DA:118,1
DA:124,3
DA:125,1
DA:126,1
DA:128,1
DA:129,0
DA:131,1
DA:136,3
LF:52
LH:42
BRDA:36,0,0,1
BRDA:36,0,1,0
BRDA:68,1,0,0
BRDA:68,1,1,1
BRDA:81,2,0,0
BRDA:81,2,1,1
BRDA:94,3,0,0
BRDA:94,3,1,1
BRDA:111,4,0,0
BRDA:111,4,1,1
BRDA:128,5,0,0
BRDA:128,5,1,1
BRF:12
BRH:6
end_of_record
TN:
SF:controllers\review-controller.js
FN:3,(anonymous_0)
FN:7,(anonymous_1)
FN:13,(anonymous_2)
FN:27,(anonymous_3)
FN:29,(anonymous_4)
FN:35,(anonymous_5)
FN:38,(anonymous_6)
FN:47,(anonymous_7)
FN:58,(anonymous_8)
FN:67,(anonymous_9)
FN:70,(anonymous_10)
FNF:11
FNH:9
FNDA:1,(anonymous_0)
FNDA:1,(anonymous_1)
FNDA:1,(anonymous_2)
FNDA:0,(anonymous_3)
FNDA:0,(anonymous_4)
FNDA:1,(anonymous_5)
FNDA:1,(anonymous_6)
FNDA:1,(anonymous_7)
FNDA:1,(anonymous_8)
FNDA:1,(anonymous_9)
FNDA:1,(anonymous_10)
DA:1,3
DA:3,3
DA:4,1
DA:8,1
DA:13,3
DA:14,1
DA:15,1
DA:16,1
DA:20,1
DA:21,1
DA:23,0
DA:27,3
DA:28,0
DA:30,0
DA:35,3
DA:36,1
DA:37,1
DA:39,1
DA:40,0
DA:42,1
DA:47,3
DA:48,1
DA:49,1
DA:50,1
DA:59,1
DA:60,0
DA:62,1
DA:67,3
DA:68,1
DA:69,1
DA:71,1
DA:72,0
DA:74,1
DA:79,3
LF:34
LH:28
BRDA:39,0,0,0
BRDA:39,0,1,1
BRDA:59,1,0,0
BRDA:59,1,1,1
BRDA:71,2,0,0
BRDA:71,2,1,1
BRF:6
BRH:3
end_of_record
TN:
SF:controllers\user-controller.js
FN:5,(anonymous_0)
FN:52,(anonymous_1)
FN:89,(anonymous_2)
FN:107,(anonymous_3)
FN:135,(anonymous_4)
FNF:5
FNH:5
FNDA:4,(anonymous_0)
FNDA:1,(anonymous_1)
FNDA:1,(anonymous_2)
FNDA:1,(anonymous_3)
FNDA:1,(anonymous_4)
DA:1,3
DA:2,3
DA:3,3
DA:5,3
DA:6,4
DA:7,4
DA:9,4
DA:11,4
DA:12,4
DA:13,0
DA:17,4
DA:18,4
DA:19,1
DA:23,3
DA:24,1
DA:30,2
DA:31,1
DA:37,1
DA:40,1
DA:43,1
DA:45,1
DA:52,3
DA:53,1
DA:54,1
DA:56,1
DA:57,1
DA:58,1
DA:59,0
DA:63,1
DA:64,0
DA:66,1
DA:67,0
DA:69,1
DA:70,0
DA:72,1
DA:73,0
DA:75,1
DA:76,0
DA:80,1
DA:82,1
DA:89,3
DA:90,1
DA:91,1
DA:93,1
DA:94,1
DA:95,0
DA:98,1
DA:107,3
DA:108,1
DA:109,1
DA:111,1
DA:113,1
DA:124,0
DA:135,3
DA:136,1
DA:137,1
DA:139,1
DA:140,1
DA:145,1
DA:147,0
DA:151,3
LF:61
LH:51
BRDA:12,0,0,0
BRDA:12,0,1,4
BRDA:18,1,0,1
BRDA:18,1,1,3
BRDA:23,2,0,1
BRDA:23,2,1,2
BRDA:30,3,0,1
BRDA:30,3,1,1
BRDA:58,4,0,0
BRDA:58,4,1,1
BRDA:63,5,0,0
BRDA:63,5,1,1
BRDA:63,6,0,1
BRDA:63,6,1,1
BRDA:63,6,2,1
BRDA:66,7,0,0
BRDA:66,7,1,1
BRDA:66,8,0,1
BRDA:66,8,1,1
BRDA:66,8,2,1
BRDA:69,9,0,0
BRDA:69,9,1,1
BRDA:69,10,0,1
BRDA:69,10,1,1
BRDA:69,10,2,1
BRDA:72,11,0,0
BRDA:72,11,1,1
BRDA:72,12,0,1
BRDA:72,12,1,1
BRDA:72,12,2,1
BRDA:75,13,0,0
BRDA:75,13,1,1
BRDA:75,14,0,1
BRDA:75,14,1,1
BRDA:75,14,2,1
BRDA:94,15,0,0
BRDA:94,15,1,1
BRDA:140,16,0,0
BRDA:140,16,1,1
BRF:39
BRH:30
end_of_record
TN:
SF:middlewares\auth.js
FN:3,(anonymous_0)
FN:8,(anonymous_1)
FN:16,(anonymous_2)
FNF:3
FNH:3
FNDA:18,(anonymous_0)
FNDA:18,(anonymous_1)
FNDA:2,(anonymous_2)
DA:1,3
DA:3,3
DA:4,18
DA:5,18
DA:6,18
DA:8,18
DA:9,18
DA:10,18
DA:11,18
DA:13,18
DA:16,3
DA:17,2
DA:18,0
DA:19,2
DA:20,2
DA:24,3
LF:16
LH:15
BRDA:5,0,0,0
BRDA:5,0,1,18
BRDA:9,1,0,0
BRDA:9,1,1,18
BRDA:17,2,0,0
BRDA:17,2,1,2
BRDA:19,3,0,2
BRDA:19,3,1,0
BRF:8
BRH:4
end_of_record
TN:
SF:models\Booking.js
FN:40,(anonymous_0)
FNF:1
FNH:1
FNDA:5,(anonymous_0)
DA:1,3
DA:3,3
DA:39,3
DA:41,5
DA:42,5
DA:43,5
DA:47,3
LF:7
LH:7
BRF:0
BRH:0
end_of_record
TN:
SF:models\Review.js
FN:17,(anonymous_0)
FNF:1
FNH:1
FNDA:5,(anonymous_0)
DA:1,3
DA:3,3
DA:16,3
DA:18,5
DA:19,5
DA:23,3
LF:6
LH:6
BRF:0
BRH:0
end_of_record
TN:
SF:models\User.js
FNF:0
FNH:0
DA:1,3
DA:3,3
DA:36,3
LF:3
LH:3
BRF:0
BRH:0
end_of_record
TN:
SF:routes\booking-routes.js
FNF:0
FNH:0
DA:1,3
DA:2,3
DA:3,3
DA:4,3
DA:7,3
DA:10,3
DA:13,3
DA:15,3
DA:18,3
DA:21,3
DA:24,3
DA:27,3
DA:29,3
LF:13
LH:13
BRF:0
BRH:0
end_of_record
TN:
SF:routes\review-routes.js
FNF:0
FNH:0
DA:1,3
DA:2,3
DA:3,3
DA:5,3
DA:6,3
DA:7,3
DA:9,3
DA:10,3
DA:12,3
LF:9
LH:9
BRF:0
BRH:0
end_of_record
TN:
SF:routes\user-routes.js
FN:19,(anonymous_0)
FN:23,(anonymous_1)
FN:25,(anonymous_2)
FN:36,(anonymous_3)
FN:51,(anonymous_4)
FN:53,(anonymous_5)
FN:56,(anonymous_6)
FN:70,(anonymous_7)
FN:162,(anonymous_8)
FN:164,(anonymous_9)
FNF:10
FNH:8
FNDA:6,(anonymous_0)
FNDA:6,(anonymous_1)
FNDA:5,(anonymous_2)
FNDA:4,(anonymous_3)
FNDA:6,(anonymous_4)
FNDA:6,(anonymous_5)
FNDA:5,(anonymous_6)
FNDA:5,(anonymous_7)
FNDA:0,(anonymous_8)
FNDA:0,(anonymous_9)
DA:1,3
DA:2,3
DA:3,3
DA:4,3
DA:5,3
DA:6,3
DA:7,3
DA:19,3
DA:20,6
DA:22,6
DA:24,6
DA:25,5
DA:26,5
DA:27,5
DA:37,4
DA:51,3
DA:52,6
DA:54,6
DA:55,1
DA:56,5
DA:57,5
DA:58,5
DA:59,0
DA:60,5
DA:66,5
DA:71,5
DA:72,5
DA:80,3
DA:83,3
DA:85,3
DA:162,3
DA:163,0
DA:165,0
DA:166,0
DA:171,3
DA:178,3
DA:199,3
LF:37
LH:33
BRDA:24,0,0,1
BRDA:24,0,1,5
BRDA:26,1,0,0
BRDA:26,1,1,5
BRDA:54,2,0,1
BRDA:54,2,1,5
BRDA:57,3,0,0
BRDA:57,3,1,5
BRDA:58,4,0,0
BRDA:58,4,1,5
BRDA:71,5,0,0
BRDA:71,5,1,5
BRF:12
BRH:8
end_of_record
